Dashboard consumer started...
Dashboard updated: Kosovo faces third legislative election in just over a year
Dashboard updated: Severe flooding kills 66 in Kenya, as heavy rains continue
Dashboard updated: The Choice Bisexual Men Are Asked to Make
Dashboard updated: We Have Reached End-Stage Polarization
Dashboard updated: Bedbug nightmare spreading across South as cases surge in multiple states
Dashboard updated: Costco brings back churros, yet shoppers say new version is a 'slap in the face'
Dashboard updated: Alec Baldwin’s wife turns to Instagram after $20M Hamptons home sits unsold for years
Dashboard updated: Timothée Chalamet Was Supposed to Be a New Kind of Leading Man
Dashboard updated: Smart glasses detector app warns if you're being recorded
Dashboard updated: The Standout Dishes You Should Try at London Restaurants in 2026
Dashboard updated: Airline CEOs torch lawmakers for turning air travel into a ‘political football’
Dashboard updated: The Paradox of Lebanon
Dashboard updated: WNBA star Angel Reese calls out fake quote on social media: 'Rent must be due'
Dashboard updated: Winter Paralympics 2026: Great Britain win just one medal but bright future ahead
Dashboard updated: Asia-Pacific allies ink $57 billion in deals with US companies, Burgum says
Dashboard updated: Cops release video of shocking moments leading up to NFL star’s death
Dashboard updated: Max Dowman at Arsenal: What next for teenager - how to look after a precious talent?'
Dashboard updated: Strategic oil release may calm markets but cannot fix Hormuz disruption
Dashboard updated: 'Trash' Review: Bickering About Chores, in Sign Language
Dashboard updated: 'This Is the Best Dish I Have Ever Made From NYT Cooking'
Dashboard updated: ‘Reminders of Him’ director says prison doesn’t define a person’s worth
Dashboard updated: Trump calls for naval coalition to open Strait of Hormuz: Can it work?
Dashboard updated: Moment Iranian missile hits Tel Aviv
Dashboard updated: Israel confirms Michigan synagogue attacker’s brother was Hezbollah terrorist commander
Dashboard updated: Arrests as thousands gather for London Al-Quds 'hate rally'
Dashboard updated: Man United vs Aston Villa - Premier League LIVE: Score and updates
Dashboard updated: NewsGuard sues FTC, saying Trump regulators are targeting its media credibility ratings
Dashboard updated: America’s Iraq options narrow | The Jerusalem Post
Dashboard updated: Why did Beatrice not curtsey to the late Queen at the Easter Service
Dashboard updated: North Korea conducts test of nuclear-capable rocket launchers
Dashboard updated: Police appeal for help to identify 'distinctively' tattooed man found dead in wheelie bin
Dashboard updated: Jury out on whether Americans approve or datacenters
Dashboard updated: Gout Gout clinches 200m state title
Dashboard updated: Swinney tells UK government to 'get a move on' with heating oil support
Dashboard updated: Zelensky accuses EU allies of 'blackmail' in oil pipeline row
Dashboard updated: Archaeologists uncover lost medieval city that vanished without a trace: 'True time capsule'
Dashboard updated: Anti-Trump Oscar nominees abound as ceremony looks to navigate fraught political scene
Dashboard updated: Carpool: Chinese giants use idled foreign plants to fuel global expansion
Dashboard updated: Tuition scams; Sobeys faces scrutiny from Manitoba; soaring plane ticket costs: CBC's Marketplace Cheat Sheet
Dashboard updated: AI is moving fast. Should you ditch the job you love?
Dashboard updated: Talks on Ukraine on Hold as US Has Other Priorities - Kremlin
Dashboard updated: Iran arrests dozens of alleged informants for Israel
Dashboard updated: Pendlebury facing first ban after 427 AFL matches; Petracca a force again for Suns
Dashboard updated: Further US Attacks on Iran’s Kharg Oil Hub Would Be ‘Economic Suicide’ - Expert
Dashboard updated: What would you do alone in a cage with nothing but cocaine?
Dashboard updated: It Was Going to Be Magic City Night at the Atlanta Hawks. Then the Outrage Poured In.
Dashboard updated: We will intervene on energy bills if necessary, says Miliband
Dashboard updated: Top Wall Street analysts are bullish on these 3 dividend-paying energy stocks
Dashboard updated: Iran's Revolutionary Guards issue death threat for Israel's Netanyahu
Dashboard updated: Trump seeks warships from other countries to help secure Strait of Hormuz
Dashboard updated: Liberals’ red card for secret cost of sport blockbusters
Dashboard updated: New guard of GOP women say Democrats can't ‘pigeonhole’ female voters as they target key House races
Dashboard updated: William shares unseen photo of Princess Diana for Mother's Day
Dashboard updated: The man behind the Paramount-Warner Bros. merger
Dashboard updated: If You Hate Dubai
Dashboard updated: You Don't Have to Snore
Dashboard updated: The 13 Deaths of Dr. Oosterhoff
Dashboard updated: LIV Golf: Bryson DeChambeau wins in Singapore after 'brutal' play-off
Dashboard updated: Taipei hosts opening stage of 2026 Tour de Taiwan
Dashboard updated: Israeli forces kill Palestinian couple and two of their children in occupied West Bank
Dashboard updated: Motörhead guitarist Phil Campbell dead at 64
Dashboard updated: Bill Maher presses Gov. Josh Shapiro on Iran war, asks if 'you would still do nothing?'
Dashboard updated: Rains Inundate Hawaii, Closing Schools and Triggering Landslides
Dashboard updated: Chelsea huddle: Why was referee Paul Tierney in the middle of  Blues' pre-match huddle?
Dashboard updated: Live: Sleepy Eye St. Mary's wins first girls basketball state title, beating Mountain Iron-Buhl in 1A championship
Dashboard updated: Sandstorm Batters Gaza, Slamming Makeshift Shelters
Dashboard updated: German Tourist Sought $20 Million in Damages After Troubled NYC Trip
Dashboard updated: Microchip reveals racehorse served as food: report
Dashboard updated: Trump Administration Approves Ultra-Deepwater Oil Drilling Plan
Dashboard updated: Smoking ban ‘too dangerous’ as WA prisons overwhelmed
Dashboard updated: WA’s prison rehabilitation programs need urgent reform
Dashboard updated: Righteo trvia hotshot, time to show us what you've got
Dashboard updated: Obama Presidential Center wants 100 unpaid volunteers as Valerie Jarrett earns $740K
Dashboard updated: Country singer Jo Dee Messina blasts Nashville label for ‘too fat’ rejection
Dashboard updated: The BKA — 'Germany's FBI' — turns 75
Dashboard updated: Lorient stun second placed Lens with 2-1 win in Ligue 1
Dashboard updated: Dozens of Medical Workers Killed as Israel Hits Lebanon
Dashboard updated: Lobbyist Arrested in Extortion Attempt of Client Who Received a Trump Pardon
Dashboard updated: Russia bombards Kyiv region as Kremlin looks to take advantage of war in Iran
Dashboard updated: US flag raised at embassy in Venezuela after 7 years
Dashboard updated: Stephen Colbert mocked by Variety over 'ego trip' as guests kiss his ring before May exit
Dashboard updated: Kurt Russell reveals why he was 'glad' when son Wyatt turned to acting after hockey career
Dashboard updated: Any day a good one to sit under this Patio
Dashboard updated: Computer says no? Well, so do I
Dashboard updated: New F1 cars are overtaking common sense
Dashboard updated: The secrets behind WA’s remarkable WNCL turnaround
Dashboard updated: The dog park moment that unlocked a childhood trauma
Dashboard updated: Deadloch’s back! And it’s even better than season one
Dashboard updated: Can Michael B. Jordan’s double act beat the odds?
Dashboard updated: The bikers transforming the lives of abused children, one ride at a time
Dashboard updated: Melissa Auf der Maur, 90s rock linchpin, spills her stories
Dashboard updated: Trump urges world powers to secure Strait of Hormuz
Dashboard updated: Top fashion week trends — and how to wear them
Dashboard updated: Consequences of Iran war go beyond petrol pump for Labor
Dashboard updated: ¿América Latina está lista para dejar ir a Cuba?
Dashboard updated: India news: Clashes erupt in Kolkata ahead of Modi rally
Dashboard updated: 